2024-08-06 09:37:55,286 [Worker-2: Loading available Gradle versions] INFO  o.e.b.c.i.u.g.PublishedGradleVersions - Gradle version information cache is up-to-date. Trying to read.
2024-08-06 09:38:26,552 [Worker-3: Importing Maven projects] INFO  o.e.m.c.i.l.LifecycleMappingFactory - Using org.eclipse.m2e.jdt.JarLifecycleMapping lifecycle mapping for MavenProject: com.mproduits:mproduits:0.0.1-SNAPSHOT @ C:\Users\patri\STS\4668216_Optimisez_votre-architecture_Microservices\4668216-Optimisez-votre-architecture-Microservices\microservice-produits\pom.xml.
2024-08-06 09:38:30,503 [Worker-3: Importing Maven projects] INFO  o.e.m.j.i.AbstractJavaProjectConfigurator - Adding source folder /mproduits/src/main/java
2024-08-06 09:38:30,536 [Worker-3: Importing Maven projects] INFO  o.e.m.j.i.AbstractJavaProjectConfigurator - Adding resource folder /mproduits/src/main/resources
2024-08-06 09:38:30,538 [Worker-3: Importing Maven projects] INFO  o.e.m.j.i.AbstractJavaProjectConfigurator - Adding resource folder /mproduits/src/main/resources
2024-08-06 09:38:30,540 [Worker-3: Importing Maven projects] INFO  o.e.m.j.i.AbstractJavaProjectConfigurator - Adding source folder /mproduits/src/test/java
2024-08-06 09:38:30,542 [Worker-3: Importing Maven projects] INFO  o.e.m.j.i.AbstractJavaProjectConfigurator - Adding resource folder /mproduits/src/test/resources
2024-08-06 09:38:31,476 [Worker-3: Importing Maven projects] INFO  o.e.m.c.i.p.ProjectConfigurationManager - Imported and configured 1 project(s) in 8 sec
2024-08-06 09:38:35,857 [Worker-9: Building] INFO  o.a.m.s.f.DefaultMavenResourcesFiltering - Copying 0 resource from src\main\resources to target\classes
2024-08-06 09:38:35,858 [Worker-9: Building] INFO  o.a.m.s.f.DefaultMavenResourcesFiltering - Copying 3 resources from src\main\resources to target\classes
2024-08-06 09:38:35,895 [Worker-9: Building] INFO  o.a.m.s.f.DefaultMavenResourcesFiltering - skip non existing resourceDirectory C:\Users\patri\STS\4668216_Optimisez_votre-architecture_Microservices\4668216-Optimisez-votre-architecture-Microservices\microservice-produits\src\test\resources
2024-08-06 09:38:43,967 [Worker-2: Importing Maven projects] INFO  o.e.m.c.i.l.LifecycleMappingFactory - Using org.eclipse.m2e.jdt.JarLifecycleMapping lifecycle mapping for MavenProject: com.mpaiement:mpaiement:0.0.1-SNAPSHOT @ C:\Users\patri\STS\4668216_Optimisez_votre-architecture_Microservices\4668216-Optimisez-votre-architecture-Microservices\microservice-paiement\pom.xml.
2024-08-06 09:38:45,452 [Worker-2: Importing Maven projects] INFO  o.e.m.j.i.AbstractJavaProjectConfigurator - Adding source folder /mpaiement/src/main/java
2024-08-06 09:38:45,453 [Worker-2: Importing Maven projects] INFO  o.e.m.j.i.AbstractJavaProjectConfigurator - Adding resource folder /mpaiement/src/main/resources
2024-08-06 09:38:45,454 [Worker-2: Importing Maven projects] INFO  o.e.m.j.i.AbstractJavaProjectConfigurator - Adding resource folder /mpaiement/src/main/resources
2024-08-06 09:38:45,456 [Worker-2: Importing Maven projects] INFO  o.e.m.j.i.AbstractJavaProjectConfigurator - Adding source folder /mpaiement/src/test/java
2024-08-06 09:38:45,459 [Worker-2: Importing Maven projects] INFO  o.e.m.j.i.AbstractJavaProjectConfigurator - Adding resource folder /mpaiement/src/test/resources
2024-08-06 09:38:46,025 [Worker-2: Importing Maven projects] INFO  o.e.m.c.i.p.ProjectConfigurationManager - Imported and configured 1 project(s) in 3 sec
2024-08-06 09:38:47,312 [Worker-3: Building] INFO  o.a.m.s.f.DefaultMavenResourcesFiltering - Copying 1 resource from src\main\resources to target\classes
2024-08-06 09:38:47,353 [Worker-3: Building] INFO  o.a.m.s.f.DefaultMavenResourcesFiltering - Copying 0 resource from src\main\resources to target\classes
2024-08-06 09:38:47,362 [Worker-3: Building] INFO  o.a.m.s.f.DefaultMavenResourcesFiltering - skip non existing resourceDirectory C:\Users\patri\STS\4668216_Optimisez_votre-architecture_Microservices\4668216-Optimisez-votre-architecture-Microservices\microservice-paiement\src\test\resources
2024-08-06 09:39:05,955 [Worker-6: Importing Maven projects] INFO  o.e.m.c.i.l.LifecycleMappingFactory - Using org.eclipse.m2e.jdt.JarLifecycleMapping lifecycle mapping for MavenProject: com.mcommandes:mcommandes:0.0.1-SNAPSHOT @ C:\Users\patri\STS\4668216_Optimisez_votre-architecture_Microservices\4668216-Optimisez-votre-architecture-Microservices\microservice-commandes\pom.xml.
2024-08-06 09:39:07,316 [Worker-6: Importing Maven projects] INFO  o.e.m.j.i.AbstractJavaProjectConfigurator - Adding source folder /mcommandes/src/main/java
2024-08-06 09:39:07,318 [Worker-6: Importing Maven projects] INFO  o.e.m.j.i.AbstractJavaProjectConfigurator - Adding resource folder /mcommandes/src/main/resources
2024-08-06 09:39:07,320 [Worker-6: Importing Maven projects] INFO  o.e.m.j.i.AbstractJavaProjectConfigurator - Adding resource folder /mcommandes/src/main/resources
2024-08-06 09:39:07,321 [Worker-6: Importing Maven projects] INFO  o.e.m.j.i.AbstractJavaProjectConfigurator - Adding source folder /mcommandes/src/test/java
2024-08-06 09:39:07,323 [Worker-6: Importing Maven projects] INFO  o.e.m.j.i.AbstractJavaProjectConfigurator - Adding resource folder /mcommandes/src/test/resources
2024-08-06 09:39:07,797 [Worker-6: Importing Maven projects] INFO  o.e.m.c.i.p.ProjectConfigurationManager - Imported and configured 1 project(s) in 2 sec
2024-08-06 09:39:08,719 [Worker-0: Building] INFO  o.a.m.s.f.DefaultMavenResourcesFiltering - Copying 1 resource from src\main\resources to target\classes
2024-08-06 09:39:08,752 [Worker-0: Building] INFO  o.a.m.s.f.DefaultMavenResourcesFiltering - Copying 1 resource from src\main\resources to target\classes
2024-08-06 09:39:08,765 [Worker-0: Building] INFO  o.a.m.s.f.DefaultMavenResourcesFiltering - skip non existing resourceDirectory C:\Users\patri\STS\4668216_Optimisez_votre-architecture_Microservices\4668216-Optimisez-votre-architecture-Microservices\microservice-commandes\src\test\resources
2024-08-06 09:39:38,635 [Worker-4: Importing Maven projects] INFO  o.e.m.c.i.l.LifecycleMappingFactory - Using org.eclipse.m2e.jdt.JarLifecycleMapping lifecycle mapping for MavenProject: com.mcommerce:config-server:0.0.1-SNAPSHOT @ C:\Users\patri\STS\4668216_Optimisez_votre-architecture_Microservices\4668216-Optimisez-votre-architecture-Microservices\config-server\pom.xml.
2024-08-06 09:39:40,156 [Worker-4: Importing Maven projects] INFO  o.e.m.j.i.AbstractJavaProjectConfigurator - Adding source folder /config-server/src/main/java
2024-08-06 09:39:40,157 [Worker-4: Importing Maven projects] INFO  o.e.m.j.i.AbstractJavaProjectConfigurator - Adding resource folder /config-server/src/main/resources
2024-08-06 09:39:40,159 [Worker-4: Importing Maven projects] INFO  o.e.m.j.i.AbstractJavaProjectConfigurator - Adding resource folder /config-server/src/main/resources
2024-08-06 09:39:40,161 [Worker-4: Importing Maven projects] INFO  o.e.m.j.i.AbstractJavaProjectConfigurator - Adding source folder /config-server/src/test/java
2024-08-06 09:39:40,163 [Worker-4: Importing Maven projects] INFO  o.e.m.j.i.AbstractJavaProjectConfigurator - Adding resource folder /config-server/src/test/resources
2024-08-06 09:39:40,702 [Worker-4: Importing Maven projects] INFO  o.e.m.c.i.p.ProjectConfigurationManager - Imported and configured 1 project(s) in 2 sec
2024-08-06 09:39:41,598 [Worker-0: Building] INFO  o.a.m.s.f.DefaultMavenResourcesFiltering - Copying 1 resource from src\main\resources to target\classes
2024-08-06 09:39:41,625 [Worker-0: Building] INFO  o.a.m.s.f.DefaultMavenResourcesFiltering - Copying 0 resource from src\main\resources to target\classes
2024-08-06 09:39:41,632 [Worker-0: Building] INFO  o.a.m.s.f.DefaultMavenResourcesFiltering - skip non existing resourceDirectory C:\Users\patri\STS\4668216_Optimisez_votre-architecture_Microservices\4668216-Optimisez-votre-architecture-Microservices\config-server\src\test\resources
2024-08-06 09:39:54,552 [Worker-7: Importing Maven projects] INFO  o.e.m.c.i.l.LifecycleMappingFactory - Using org.eclipse.m2e.jdt.JarLifecycleMapping lifecycle mapping for MavenProject: com.client-ui:client-ui:0.0.1-SNAPSHOT @ C:\Users\patri\STS\4668216_Optimisez_votre-architecture_Microservices\4668216-Optimisez-votre-architecture-Microservices\client-ui\pom.xml.
2024-08-06 09:39:55,942 [Worker-7: Importing Maven projects] INFO  o.e.m.j.i.AbstractJavaProjectConfigurator - Adding source folder /client-ui/src/main/java
2024-08-06 09:39:55,943 [Worker-7: Importing Maven projects] INFO  o.e.m.j.i.AbstractJavaProjectConfigurator - Adding resource folder /client-ui/src/main/resources
2024-08-06 09:39:55,948 [Worker-7: Importing Maven projects] INFO  o.e.m.j.i.AbstractJavaProjectConfigurator - Adding resource folder /client-ui/src/main/resources
2024-08-06 09:39:55,950 [Worker-7: Importing Maven projects] INFO  o.e.m.j.i.AbstractJavaProjectConfigurator - Adding source folder /client-ui/src/test/java
2024-08-06 09:39:55,952 [Worker-7: Importing Maven projects] INFO  o.e.m.j.i.AbstractJavaProjectConfigurator - Adding resource folder /client-ui/src/test/resources
2024-08-06 09:39:56,594 [Worker-7: Importing Maven projects] INFO  o.e.m.c.i.p.ProjectConfigurationManager - Imported and configured 1 project(s) in 2 sec
2024-08-06 09:39:57,235 [Worker-8: Building] INFO  o.a.m.s.f.DefaultMavenResourcesFiltering - Copying 1 resource from src\main\resources to target\classes
2024-08-06 09:39:57,259 [Worker-8: Building] INFO  o.a.m.s.f.DefaultMavenResourcesFiltering - Copying 2 resources from src\main\resources to target\classes
2024-08-06 09:39:57,272 [Worker-8: Building] INFO  o.a.m.s.f.DefaultMavenResourcesFiltering - skip non existing resourceDirectory C:\Users\patri\STS\4668216_Optimisez_votre-architecture_Microservices\4668216-Optimisez-votre-architecture-Microservices\client-ui\src\test\resources
